<?xml version="1.0" encoding="UTF-8"?>
<!-- Generated by org.testng.reporters.JUnitReportReporter -->
<testsuite hostname="DESKTOP-EG3OU6E" failures="0" tests="1" name="testCases.NewTest1" time="8.464" errors="0" timestamp="2024-05-22T14:30:35 IST" skipped="0">
  <testcase classname="testCases.NewTest1" name="loginTest" time="8.464"/>
  <system-out/>
</testsuite> <!-- testCases.NewTest1 -->
