<?xml version="1.0" encoding="UTF-8"?>
<!-- Generated by org.testng.reporters.JUnitReportReporter -->
<testsuite hostname="DESKTOP-EG3OU6E" failures="0" tests="1" name="testCases.NewTest1" time="8.279" errors="0" timestamp="22 May 2024 11:17:15 GMT">
  <testcase classname="testCases.NewTest1" name="loginTest" time="8.279"/>
</testsuite> <!-- testCases.NewTest1 -->
