<?xml version="1.0" encoding="UTF-8"?>
<!-- Generated by org.testng.reporters.JUnitReportReporter -->
<testsuite hostname="DESKTOP-EG3OU6E" failures="0" tests="1" name="testCases.NewTest1" time="8.205" errors="0" timestamp="24 May 2024 13:56:29 GMT">
  <testcase classname="testCases.NewTest1" name="loginTest" time="8.205"/>
</testsuite> <!-- testCases.NewTest1 -->
